[1.371s] Invoking command in '/home/vardan/RAKSH-Autonomous-Pesticide-Spraying-Robot/ros2_ws/build/disease_detection': PYTHONPATH=/home/vardan/RAKSH-Autonomous-Pesticide-Spraying-Robot/ros2_ws/build/disease_detection/prefix_override:/usr/lib/python3/dist-packages/colcon_core/task/python/colcon_distutils_commands:/home/vardan/RAKSH-Autonomous-Pesticide-Spraying-Robot/ros2_ws/install/disease_detection/lib/python3.10/site-packages:${PYTHONPATH} /usr/bin/python3 -W ignore:setup.py install is deprecated setup.py develop --editable --build-directory /home/vardan/RAKSH-Autonomous-Pesticide-Spraying-Robot/ros2_ws/build/disease_detection/build --no-deps symlink_data
[1.786s] running develop
[1.787s] /usr/lib/python3/dist-packages/setuptools/command/easy_install.py:158: EasyInstallDeprecationWarning: easy_install command is deprecated. Use build and pip and other standards-based tools.
[1.787s]   warnings.warn(
[2.046s] running egg_info
[2.046s] creating disease_detection.egg-info
[2.046s] writing disease_detection.egg-info/PKG-INFO
[2.046s] writing dependency_links to disease_detection.egg-info/dependency_links.txt
[2.047s] writing entry points to disease_detection.egg-info/entry_points.txt
[2.047s] writing requirements to disease_detection.egg-info/requires.txt
[2.047s] writing top-level names to disease_detection.egg-info/top_level.txt
[2.047s] writing manifest file 'disease_detection.egg-info/SOURCES.txt'
[2.051s] reading manifest file 'disease_detection.egg-info/SOURCES.txt'
[2.052s] writing manifest file 'disease_detection.egg-info/SOURCES.txt'
[2.055s] running build_ext
[2.055s] Creating /home/vardan/RAKSH-Autonomous-Pesticide-Spraying-Robot/ros2_ws/install/disease_detection/lib/python3.10/site-packages/disease-detection.egg-link (link to .)
[2.057s] 
[2.057s] Installed /home/vardan/RAKSH-Autonomous-Pesticide-Spraying-Robot/ros2_ws/build/disease_detection
[2.057s] running symlink_data
[2.057s] creating /home/vardan/RAKSH-Autonomous-Pesticide-Spraying-Robot/ros2_ws/install/disease_detection/share/ament_index
[2.058s] creating /home/vardan/RAKSH-Autonomous-Pesticide-Spraying-Robot/ros2_ws/install/disease_detection/share/ament_index/resource_index
[2.058s] creating /home/vardan/RAKSH-Autonomous-Pesticide-Spraying-Robot/ros2_ws/install/disease_detection/share/ament_index/resource_index/packages
[2.058s] symbolically linking /home/vardan/RAKSH-Autonomous-Pesticide-Spraying-Robot/ros2_ws/build/disease_detection/resource/disease_detection -> /home/vardan/RAKSH-Autonomous-Pesticide-Spraying-Robot/ros2_ws/install/disease_detection/share/ament_index/resource_index/packages
[2.058s] symbolically linking /home/vardan/RAKSH-Autonomous-Pesticide-Spraying-Robot/ros2_ws/build/disease_detection/package.xml -> /home/vardan/RAKSH-Autonomous-Pesticide-Spraying-Robot/ros2_ws/install/disease_detection/share/disease_detection
[2.126s] Invoked command in '/home/vardan/RAKSH-Autonomous-Pesticide-Spraying-Robot/ros2_ws/build/disease_detection' returned '0': PYTHONPATH=/home/vardan/RAKSH-Autonomous-Pesticide-Spraying-Robot/ros2_ws/build/disease_detection/prefix_override:/usr/lib/python3/dist-packages/colcon_core/task/python/colcon_distutils_commands:/home/vardan/RAKSH-Autonomous-Pesticide-Spraying-Robot/ros2_ws/install/disease_detection/lib/python3.10/site-packages:${PYTHONPATH} /usr/bin/python3 -W ignore:setup.py install is deprecated setup.py develop --editable --build-directory /home/vardan/RAKSH-Autonomous-Pesticide-Spraying-Robot/ros2_ws/build/disease_detection/build --no-deps symlink_data
