[1.582s] Invoking command in '/home/vardan/RAKSH-Autonomous-Pesticide-Spraying-Robot/ros2_ws/build/raksh_description': PYTHONPATH=/home/vardan/RAKSH-Autonomous-Pesticide-Spraying-Robot/ros2_ws/build/raksh_description/prefix_override:/usr/lib/python3/dist-packages/colcon_core/task/python/colcon_distutils_commands:/home/vardan/RAKSH-Autonomous-Pesticide-Spraying-Robot/ros2_ws/install/raksh_description/lib/python3.10/site-packages:${PYTHONPATH} /usr/bin/python3 -W ignore:setup.py install is deprecated setup.py develop --editable --build-directory /home/vardan/RAKSH-Autonomous-Pesticide-Spraying-Robot/ros2_ws/build/raksh_description/build --no-deps symlink_data
[2.037s] running develop
[2.038s] /usr/lib/python3/dist-packages/setuptools/command/easy_install.py:158: EasyInstallDeprecationWarning: easy_install command is deprecated. Use build and pip and other standards-based tools.
[2.038s]   warnings.warn(
[2.379s] running egg_info
[2.380s] writing raksh_description.egg-info/PKG-INFO
[2.380s] writing dependency_links to raksh_description.egg-info/dependency_links.txt
[2.380s] writing entry points to raksh_description.egg-info/entry_points.txt
[2.380s] writing requirements to raksh_description.egg-info/requires.txt
[2.380s] writing top-level names to raksh_description.egg-info/top_level.txt
[2.384s] reading manifest file 'raksh_description.egg-info/SOURCES.txt'
[2.385s] writing manifest file 'raksh_description.egg-info/SOURCES.txt'
[2.389s] running build_ext
[2.390s] Creating /home/vardan/RAKSH-Autonomous-Pesticide-Spraying-Robot/ros2_ws/install/raksh_description/lib/python3.10/site-packages/raksh-description.egg-link (link to .)
[2.392s] 
[2.392s] Installed /home/vardan/RAKSH-Autonomous-Pesticide-Spraying-Robot/ros2_ws/build/raksh_description
[2.393s] running symlink_data
[2.393s] symbolically linking /home/vardan/RAKSH-Autonomous-Pesticide-Spraying-Robot/ros2_ws/build/raksh_description/urdf/raksh.urdf.xacro -> /home/vardan/RAKSH-Autonomous-Pesticide-Spraying-Robot/ros2_ws/install/raksh_description/share/raksh_description/urdf
[2.393s] symbolically linking /home/vardan/RAKSH-Autonomous-Pesticide-Spraying-Robot/ros2_ws/build/raksh_description/urdf/raksh_core.xacro -> /home/vardan/RAKSH-Autonomous-Pesticide-Spraying-Robot/ros2_ws/install/raksh_description/share/raksh_description/urdf
[2.395s] symbolically linking /home/vardan/RAKSH-Autonomous-Pesticide-Spraying-Robot/ros2_ws/build/raksh_description/urdf/material.xacro -> /home/vardan/RAKSH-Autonomous-Pesticide-Spraying-Robot/ros2_ws/install/raksh_description/share/raksh_description/urdf
[2.489s] Invoked command in '/home/vardan/RAKSH-Autonomous-Pesticide-Spraying-Robot/ros2_ws/build/raksh_description' returned '0': PYTHONPATH=/home/vardan/RAKSH-Autonomous-Pesticide-Spraying-Robot/ros2_ws/build/raksh_description/prefix_override:/usr/lib/python3/dist-packages/colcon_core/task/python/colcon_distutils_commands:/home/vardan/RAKSH-Autonomous-Pesticide-Spraying-Robot/ros2_ws/install/raksh_description/lib/python3.10/site-packages:${PYTHONPATH} /usr/bin/python3 -W ignore:setup.py install is deprecated setup.py develop --editable --build-directory /home/vardan/RAKSH-Autonomous-Pesticide-Spraying-Robot/ros2_ws/build/raksh_description/build --no-deps symlink_data
