[0.237s] DEBUG:colcon:Command line arguments: ['/usr/bin/colcon', 'build', '--symlink-install']
[0.237s] DEBUG:colcon:Parsed command line arguments: Namespace(log_base=None, log_level=None, verb_name='build', build_base='build', install_base='install', merge_install=False, symlink_install=True, test_result_base=None, continue_on_error=False, executor='parallel', parallel_workers=4, event_handlers=None, ignore_user_meta=False, metas=['./colcon.meta'], base_paths=['.'], packages_ignore=None, packages_ignore_regex=None, paths=None, packages_up_to=None, packages_up_to_regex=None, packages_above=None, packages_above_and_dependencies=None, packages_above_depth=None, packages_select_by_dep=None, packages_skip_by_dep=None, packages_skip_up_to=None, packages_select_build_failed=False, packages_skip_build_finished=False, packages_select_test_failures=False, packages_skip_test_passed=False, packages_select=None, packages_skip=None, packages_select_regex=None, packages_skip_regex=None, packages_start=None, packages_end=None, allow_overriding=[], cmake_args=None, cmake_target=None, cmake_target_skip_unavailable=False, cmake_clean_cache=False, cmake_clean_first=False, cmake_force_configure=False, ament_cmake_args=None, catkin_cmake_args=None, catkin_skip_building_tests=False, verb_parser=<colcon_defaults.argument_parser.defaults.DefaultArgumentsDecorator object at 0x7f097134de40>, verb_extension=<colcon_core.verb.build.BuildVerb object at 0x7f097134d930>, main=<bound method BuildVerb.main of <colcon_core.verb.build.BuildVerb object at 0x7f097134d930>>)
[0.453s] Level 1:colcon.colcon_core.package_discovery:discover_packages(colcon_meta) check parameters
[0.453s] Level 1:colcon.colcon_core.package_discovery:discover_packages(recursive) check parameters
[0.453s] Level 1:colcon.colcon_core.package_discovery:discover_packages(ignore) check parameters
[0.454s] Level 1:colcon.colcon_core.package_discovery:discover_packages(path) check parameters
[0.454s] Level 1:colcon.colcon_core.package_discovery:discover_packages(colcon_meta) discover
[0.454s] Level 1:colcon.colcon_core.package_discovery:discover_packages(recursive) discover
[0.454s] INFO:colcon.colcon_core.package_discovery:Crawling recursively for packages in '/home/vardan/RAKSH-Autonomous-Pesticide-Spraying-Robot/ros2_ws'
[0.454s] Level 1:colcon.colcon_core.package_identification:_identify(.) by extensions ['ignore', 'ignore_ament_install']
[0.454s] Level 1:colcon.colcon_core.package_identification:_identify(.) by extension 'ignore'
[0.454s] Level 1:colcon.colcon_core.package_identification:_identify(.) by extension 'ignore_ament_install'
[0.454s] Level 1:colcon.colcon_core.package_identification:_identify(.) by extensions ['colcon_pkg']
[0.454s] Level 1:colcon.colcon_core.package_identification:_identify(.) by extension 'colcon_pkg'
[0.454s] Level 1:colcon.colcon_core.package_identification:_identify(.) by extensions ['colcon_meta']
[0.455s] Level 1:colcon.colcon_core.package_identification:_identify(.) by extension 'colcon_meta'
[0.455s] Level 1:colcon.colcon_core.package_identification:_identify(.) by extensions ['ros']
[0.455s] Level 1:colcon.colcon_core.package_identification:_identify(.) by extension 'ros'
[0.471s] Level 1:colcon.colcon_core.package_identification:_identify(.) by extensions ['cmake', 'python']
[0.471s] Level 1:colcon.colcon_core.package_identification:_identify(.) by extension 'cmake'
[0.471s] Level 1:colcon.colcon_core.package_identification:_identify(.) by extension 'python'
[0.471s] Level 1:colcon.colcon_core.package_identification:_identify(.) by extensions ['python_setup_py']
[0.471s] Level 1:colcon.colcon_core.package_identification:_identify(.) by extension 'python_setup_py'
[0.471s] Level 1:colcon.colcon_core.package_identification:_identify(build) by extensions ['ignore', 'ignore_ament_install']
[0.471s] Level 1:colcon.colcon_core.package_identification:_identify(build) by extension 'ignore'
[0.471s] Level 1:colcon.colcon_core.package_identification:_identify(build) ignored
[0.472s] Level 1:colcon.colcon_core.package_identification:_identify(install) by extensions ['ignore', 'ignore_ament_install']
[0.472s] Level 1:colcon.colcon_core.package_identification:_identify(install) by extension 'ignore'
[0.472s] Level 1:colcon.colcon_core.package_identification:_identify(install) ignored
[0.472s] Level 1:colcon.colcon_core.package_identification:_identify(log) by extensions ['ignore', 'ignore_ament_install']
[0.472s] Level 1:colcon.colcon_core.package_identification:_identify(log) by extension 'ignore'
[0.472s] Level 1:colcon.colcon_core.package_identification:_identify(log) ignored
[0.472s] Level 1:colcon.colcon_core.package_identification:_identify(src) by extensions ['ignore', 'ignore_ament_install']
[0.472s] Level 1:colcon.colcon_core.package_identification:_identify(src) by extension 'ignore'
[0.473s] Level 1:colcon.colcon_core.package_identification:_identify(src) by extension 'ignore_ament_install'
[0.473s] Level 1:colcon.colcon_core.package_identification:_identify(src) by extensions ['colcon_pkg']
[0.473s] Level 1:colcon.colcon_core.package_identification:_identify(src) by extension 'colcon_pkg'
[0.473s] Level 1:colcon.colcon_core.package_identification:_identify(src) by extensions ['colcon_meta']
[0.473s] Level 1:colcon.colcon_core.package_identification:_identify(src) by extension 'colcon_meta'
[0.473s] Level 1:colcon.colcon_core.package_identification:_identify(src) by extensions ['ros']
[0.473s] Level 1:colcon.colcon_core.package_identification:_identify(src) by extension 'ros'
[0.473s] Level 1:colcon.colcon_core.package_identification:_identify(src) by extensions ['cmake', 'python']
[0.473s] Level 1:colcon.colcon_core.package_identification:_identify(src) by extension 'cmake'
[0.473s] Level 1:colcon.colcon_core.package_identification:_identify(src) by extension 'python'
[0.473s] Level 1:colcon.colcon_core.package_identification:_identify(src) by extensions ['python_setup_py']
[0.473s] Level 1:colcon.colcon_core.package_identification:_identify(src) by extension 'python_setup_py'
[0.473s] Level 1:colcon.colcon_core.package_identification:_identify(src/disease_detection) by extensions ['ignore', 'ignore_ament_install']
[0.474s] Level 1:colcon.colcon_core.package_identification:_identify(src/disease_detection) by extension 'ignore'
[0.474s] Level 1:colcon.colcon_core.package_identification:_identify(src/disease_detection) by extension 'ignore_ament_install'
[0.474s] Level 1:colcon.colcon_core.package_identification:_identify(src/disease_detection) by extensions ['colcon_pkg']
[0.474s] Level 1:colcon.colcon_core.package_identification:_identify(src/disease_detection) by extension 'colcon_pkg'
[0.474s] Level 1:colcon.colcon_core.package_identification:_identify(src/disease_detection) by extensions ['colcon_meta']
[0.474s] Level 1:colcon.colcon_core.package_identification:_identify(src/disease_detection) by extension 'colcon_meta'
[0.474s] Level 1:colcon.colcon_core.package_identification:_identify(src/disease_detection) by extensions ['ros']
[0.474s] Level 1:colcon.colcon_core.package_identification:_identify(src/disease_detection) by extension 'ros'
[0.477s] DEBUG:colcon.colcon_core.package_identification:Package 'src/disease_detection' with type 'ros.ament_python' and name 'disease_detection'
[0.478s] Level 1:colcon.colcon_core.package_identification:_identify(src/raksh_description) by extensions ['ignore', 'ignore_ament_install']
[0.478s] Level 1:colcon.colcon_core.package_identification:_identify(src/raksh_description) by extension 'ignore'
[0.478s] Level 1:colcon.colcon_core.package_identification:_identify(src/raksh_description) by extension 'ignore_ament_install'
[0.478s] Level 1:colcon.colcon_core.package_identification:_identify(src/raksh_description) by extensions ['colcon_pkg']
[0.478s] Level 1:colcon.colcon_core.package_identification:_identify(src/raksh_description) by extension 'colcon_pkg'
[0.478s] Level 1:colcon.colcon_core.package_identification:_identify(src/raksh_description) by extensions ['colcon_meta']
[0.478s] Level 1:colcon.colcon_core.package_identification:_identify(src/raksh_description) by extension 'colcon_meta'
[0.478s] Level 1:colcon.colcon_core.package_identification:_identify(src/raksh_description) by extensions ['ros']
[0.478s] Level 1:colcon.colcon_core.package_identification:_identify(src/raksh_description) by extension 'ros'
[0.479s] DEBUG:colcon.colcon_core.package_identification:Package 'src/raksh_description' with type 'ros.ament_python' and name 'raksh_description'
[0.480s] Level 1:colcon.colcon_core.package_discovery:discover_packages(recursive) using defaults
[0.480s] Level 1:colcon.colcon_core.package_discovery:discover_packages(ignore) discover
[0.480s] Level 1:colcon.colcon_core.package_discovery:discover_packages(ignore) using defaults
[0.480s] Level 1:colcon.colcon_core.package_discovery:discover_packages(path) discover
[0.480s] Level 1:colcon.colcon_core.package_discovery:discover_packages(path) using defaults
[0.506s] Level 1:colcon.colcon_core.package_discovery:discover_packages(prefix_path) check parameters
[0.507s] Level 1:colcon.colcon_core.package_discovery:discover_packages(prefix_path) discover
[0.509s] WARNING:colcon.colcon_ros.prefix_path.ament:The path '/home/vardan/RAKSH-Autonomous-Pesticide-Spraying-Robot/ros2_ws/install/raksh_description' in the environment variable AMENT_PREFIX_PATH doesn't exist
[0.509s] WARNING:colcon.colcon_ros.prefix_path.ament:The path '/home/vardan/RAKSH-Autonomous-Pesticide-Spraying-Robot/ros2_ws/install/disease_detection' in the environment variable AMENT_PREFIX_PATH doesn't exist
[0.510s] DEBUG:colcon.colcon_installed_package_information.package_discovery:Found 1 installed packages in /home/vardan/OWL_Folder/Cloth_Folding/ros2_ws/install
[0.511s] DEBUG:colcon.colcon_installed_package_information.package_discovery:Found 1 installed packages in /home/vardan/Introduction-to-Robotics/Module1/ros2_wk/install
[0.511s] DEBUG:colcon.colcon_installed_package_information.package_discovery:Found 1 installed packages in /home/vardan/Introduction-to-Robotics/Module2/ros2_ws/install
[0.512s] DEBUG:colcon.colcon_installed_package_information.package_discovery:Found 0 installed packages in /home/vardan/RAKSH-Autonomous-Pesticide-Spraying-Robot/ros2_ws/install
[0.514s] DEBUG:colcon.colcon_installed_package_information.package_discovery:Found 345 installed packages in /opt/ros/humble
[0.518s] Level 1:colcon.colcon_core.package_discovery:discover_packages(prefix_path) using defaults
[0.615s] Level 5:colcon.colcon_core.verb:set package 'disease_detection' build argument 'cmake_args' from command line to 'None'
[0.615s] Level 5:colcon.colcon_core.verb:set package 'disease_detection' build argument 'cmake_target' from command line to 'None'
[0.615s] Level 5:colcon.colcon_core.verb:set package 'disease_detection' build argument 'cmake_target_skip_unavailable' from command line to 'False'
[0.616s] Level 5:colcon.colcon_core.verb:set package 'disease_detection' build argument 'cmake_clean_cache' from command line to 'False'
[0.616s] Level 5:colcon.colcon_core.verb:set package 'disease_detection' build argument 'cmake_clean_first' from command line to 'False'
[0.616s] Level 5:colcon.colcon_core.verb:set package 'disease_detection' build argument 'cmake_force_configure' from command line to 'False'
[0.616s] Level 5:colcon.colcon_core.verb:set package 'disease_detection' build argument 'ament_cmake_args' from command line to 'None'
[0.616s] Level 5:colcon.colcon_core.verb:set package 'disease_detection' build argument 'catkin_cmake_args' from command line to 'None'
[0.616s] Level 5:colcon.colcon_core.verb:set package 'disease_detection' build argument 'catkin_skip_building_tests' from command line to 'False'
[0.617s] DEBUG:colcon.colcon_core.verb:Building package 'disease_detection' with the following arguments: {'ament_cmake_args': None, 'build_base': '/home/vardan/RAKSH-Autonomous-Pesticide-Spraying-Robot/ros2_ws/build/disease_detection', 'catkin_cmake_args': None, 'catkin_skip_building_tests': False, 'cmake_args': None, 'cmake_clean_cache': False, 'cmake_clean_first': False, 'cmake_force_configure': False, 'cmake_target': None, 'cmake_target_skip_unavailable': False, 'install_base': '/home/vardan/RAKSH-Autonomous-Pesticide-Spraying-Robot/ros2_ws/install/disease_detection', 'merge_install': False, 'path': '/home/vardan/RAKSH-Autonomous-Pesticide-Spraying-Robot/ros2_ws/src/disease_detection', 'symlink_install': True, 'test_result_base': None}
[0.618s] Level 5:colcon.colcon_core.verb:set package 'raksh_description' build argument 'cmake_args' from command line to 'None'
[0.618s] Level 5:colcon.colcon_core.verb:set package 'raksh_description' build argument 'cmake_target' from command line to 'None'
[0.618s] Level 5:colcon.colcon_core.verb:set package 'raksh_description' build argument 'cmake_target_skip_unavailable' from command line to 'False'
[0.618s] Level 5:colcon.colcon_core.verb:set package 'raksh_description' build argument 'cmake_clean_cache' from command line to 'False'
[0.618s] Level 5:colcon.colcon_core.verb:set package 'raksh_description' build argument 'cmake_clean_first' from command line to 'False'
[0.618s] Level 5:colcon.colcon_core.verb:set package 'raksh_description' build argument 'cmake_force_configure' from command line to 'False'
[0.618s] Level 5:colcon.colcon_core.verb:set package 'raksh_description' build argument 'ament_cmake_args' from command line to 'None'
[0.618s] Level 5:colcon.colcon_core.verb:set package 'raksh_description' build argument 'catkin_cmake_args' from command line to 'None'
[0.618s] Level 5:colcon.colcon_core.verb:set package 'raksh_description' build argument 'catkin_skip_building_tests' from command line to 'False'
[0.618s] DEBUG:colcon.colcon_core.verb:Building package 'raksh_description' with the following arguments: {'ament_cmake_args': None, 'build_base': '/home/vardan/RAKSH-Autonomous-Pesticide-Spraying-Robot/ros2_ws/build/raksh_description', 'catkin_cmake_args': None, 'catkin_skip_building_tests': False, 'cmake_args': None, 'cmake_clean_cache': False, 'cmake_clean_first': False, 'cmake_force_configure': False, 'cmake_target': None, 'cmake_target_skip_unavailable': False, 'install_base': '/home/vardan/RAKSH-Autonomous-Pesticide-Spraying-Robot/ros2_ws/install/raksh_description', 'merge_install': False, 'path': '/home/vardan/RAKSH-Autonomous-Pesticide-Spraying-Robot/ros2_ws/src/raksh_description', 'symlink_install': True, 'test_result_base': None}
[0.618s] INFO:colcon.colcon_core.executor:Executing jobs using 'parallel' executor
[0.620s] DEBUG:colcon.colcon_parallel_executor.executor.parallel:run_until_complete
[0.620s] INFO:colcon.colcon_ros.task.ament_python.build:Building ROS package in '/home/vardan/RAKSH-Autonomous-Pesticide-Spraying-Robot/ros2_ws/src/disease_detection' with build type 'ament_python'
[0.620s] Level 1:colcon.colcon_core.shell:create_environment_hook('disease_detection', 'ament_prefix_path')
[0.626s] INFO:colcon.colcon_core.plugin_system:Skipping extension 'colcon_core.shell.bat': Not used on non-Windows systems
[0.626s] INFO:colcon.colcon_core.shell:Creating environment hook '/home/vardan/RAKSH-Autonomous-Pesticide-Spraying-Robot/ros2_ws/install/disease_detection/share/disease_detection/hook/ament_prefix_path.ps1'
[0.628s] INFO:colcon.colcon_core.shell:Creating environment descriptor '/home/vardan/RAKSH-Autonomous-Pesticide-Spraying-Robot/ros2_ws/install/disease_detection/share/disease_detection/hook/ament_prefix_path.dsv'
[0.629s] INFO:colcon.colcon_core.shell:Creating environment hook '/home/vardan/RAKSH-Autonomous-Pesticide-Spraying-Robot/ros2_ws/install/disease_detection/share/disease_detection/hook/ament_prefix_path.sh'
[0.630s] INFO:colcon.colcon_core.shell:Skip shell extension 'powershell' for command environment: Not usable outside of PowerShell
[0.631s] DEBUG:colcon.colcon_core.shell:Skip shell extension 'dsv' for command environment
[0.644s] INFO:colcon.colcon_ros.task.ament_python.build:Building ROS package in '/home/vardan/RAKSH-Autonomous-Pesticide-Spraying-Robot/ros2_ws/src/raksh_description' with build type 'ament_python'
[0.645s] Level 1:colcon.colcon_core.shell:create_environment_hook('raksh_description', 'ament_prefix_path')
[0.646s] INFO:colcon.colcon_core.shell:Creating environment hook '/home/vardan/RAKSH-Autonomous-Pesticide-Spraying-Robot/ros2_ws/install/raksh_description/share/raksh_description/hook/ament_prefix_path.ps1'
[0.649s] INFO:colcon.colcon_core.shell:Creating environment descriptor '/home/vardan/RAKSH-Autonomous-Pesticide-Spraying-Robot/ros2_ws/install/raksh_description/share/raksh_description/hook/ament_prefix_path.dsv'
[0.650s] INFO:colcon.colcon_core.shell:Creating environment hook '/home/vardan/RAKSH-Autonomous-Pesticide-Spraying-Robot/ros2_ws/install/raksh_description/share/raksh_description/hook/ament_prefix_path.sh'
[0.655s] INFO:colcon.colcon_core.shell:Skip shell extension 'powershell' for command environment: Not usable outside of PowerShell
[0.656s] DEBUG:colcon.colcon_core.shell:Skip shell extension 'dsv' for command environment
[1.101s] INFO:colcon.colcon_core.task.python.build:Building Python package in '/home/vardan/RAKSH-Autonomous-Pesticide-Spraying-Robot/ros2_ws/src/disease_detection'
[1.101s] INFO:colcon.colcon_core.shell:Skip shell extension 'powershell' for command environment: Not usable outside of PowerShell
[1.101s] DEBUG:colcon.colcon_core.shell:Skip shell extension 'dsv' for command environment
[1.506s] INFO:colcon.colcon_core.task.python.build:Building Python package in '/home/vardan/RAKSH-Autonomous-Pesticide-Spraying-Robot/ros2_ws/src/raksh_description'
[1.507s] INFO:colcon.colcon_core.shell:Skip shell extension 'powershell' for command environment: Not usable outside of PowerShell
[1.507s] DEBUG:colcon.colcon_core.shell:Skip shell extension 'dsv' for command environment
[2.280s] DEBUG:colcon.colcon_core.event_handler.log_command:Invoking command in '/home/vardan/RAKSH-Autonomous-Pesticide-Spraying-Robot/ros2_ws/build/disease_detection': PYTHONPATH=/home/vardan/RAKSH-Autonomous-Pesticide-Spraying-Robot/ros2_ws/build/disease_detection/prefix_override:/usr/lib/python3/dist-packages/colcon_core/task/python/colcon_distutils_commands:/home/vardan/RAKSH-Autonomous-Pesticide-Spraying-Robot/ros2_ws/install/disease_detection/lib/python3.10/site-packages:${PYTHONPATH} /usr/bin/python3 -W ignore:setup.py install is deprecated setup.py develop --editable --build-directory /home/vardan/RAKSH-Autonomous-Pesticide-Spraying-Robot/ros2_ws/build/disease_detection/build --no-deps symlink_data
[2.305s] DEBUG:colcon.colcon_core.event_handler.log_command:Invoking command in '/home/vardan/RAKSH-Autonomous-Pesticide-Spraying-Robot/ros2_ws/build/raksh_description': PYTHONPATH=/home/vardan/RAKSH-Autonomous-Pesticide-Spraying-Robot/ros2_ws/build/raksh_description/prefix_override:/usr/lib/python3/dist-packages/colcon_core/task/python/colcon_distutils_commands:/home/vardan/RAKSH-Autonomous-Pesticide-Spraying-Robot/ros2_ws/install/raksh_description/lib/python3.10/site-packages:${PYTHONPATH} /usr/bin/python3 -W ignore:setup.py install is deprecated setup.py develop --editable --build-directory /home/vardan/RAKSH-Autonomous-Pesticide-Spraying-Robot/ros2_ws/build/raksh_description/build --no-deps symlink_data
[3.304s] Level 1:colcon.colcon_core.shell:create_environment_hook('disease_detection', 'pythonpath_develop')
[3.305s] INFO:colcon.colcon_core.shell:Creating environment hook '/home/vardan/RAKSH-Autonomous-Pesticide-Spraying-Robot/ros2_ws/build/disease_detection/share/disease_detection/hook/pythonpath_develop.ps1'
[3.305s] DEBUG:colcon.colcon_core.event_handler.log_command:Invoked command in '/home/vardan/RAKSH-Autonomous-Pesticide-Spraying-Robot/ros2_ws/build/disease_detection' returned '0': PYTHONPATH=/home/vardan/RAKSH-Autonomous-Pesticide-Spraying-Robot/ros2_ws/build/disease_detection/prefix_override:/usr/lib/python3/dist-packages/colcon_core/task/python/colcon_distutils_commands:/home/vardan/RAKSH-Autonomous-Pesticide-Spraying-Robot/ros2_ws/install/disease_detection/lib/python3.10/site-packages:${PYTHONPATH} /usr/bin/python3 -W ignore:setup.py install is deprecated setup.py develop --editable --build-directory /home/vardan/RAKSH-Autonomous-Pesticide-Spraying-Robot/ros2_ws/build/disease_detection/build --no-deps symlink_data
[3.307s] INFO:colcon.colcon_core.shell:Creating environment descriptor '/home/vardan/RAKSH-Autonomous-Pesticide-Spraying-Robot/ros2_ws/build/disease_detection/share/disease_detection/hook/pythonpath_develop.dsv'
[3.308s] INFO:colcon.colcon_core.shell:Creating environment hook '/home/vardan/RAKSH-Autonomous-Pesticide-Spraying-Robot/ros2_ws/build/disease_detection/share/disease_detection/hook/pythonpath_develop.sh'
[3.315s] Level 1:colcon.colcon_core.environment:checking '/home/vardan/RAKSH-Autonomous-Pesticide-Spraying-Robot/ros2_ws/install/disease_detection' for CMake module files
[3.316s] Level 1:colcon.colcon_core.environment:checking '/home/vardan/RAKSH-Autonomous-Pesticide-Spraying-Robot/ros2_ws/install/disease_detection' for CMake config files
[3.317s] Level 1:colcon.colcon_core.environment:checking '/home/vardan/RAKSH-Autonomous-Pesticide-Spraying-Robot/ros2_ws/install/disease_detection/lib'
[3.318s] Level 1:colcon.colcon_core.environment:checking '/home/vardan/RAKSH-Autonomous-Pesticide-Spraying-Robot/ros2_ws/install/disease_detection/bin'
[3.318s] Level 1:colcon.colcon_core.environment:checking '/home/vardan/RAKSH-Autonomous-Pesticide-Spraying-Robot/ros2_ws/install/disease_detection/lib/pkgconfig/disease_detection.pc'
[3.319s] Level 1:colcon.colcon_core.environment:checking '/home/vardan/RAKSH-Autonomous-Pesticide-Spraying-Robot/ros2_ws/install/disease_detection/lib/python3.10/site-packages'
[3.319s] Level 1:colcon.colcon_core.shell:create_environment_hook('disease_detection', 'pythonpath')
[3.319s] INFO:colcon.colcon_core.shell:Creating environment hook '/home/vardan/RAKSH-Autonomous-Pesticide-Spraying-Robot/ros2_ws/install/disease_detection/share/disease_detection/hook/pythonpath.ps1'
[3.320s] INFO:colcon.colcon_core.shell:Creating environment descriptor '/home/vardan/RAKSH-Autonomous-Pesticide-Spraying-Robot/ros2_ws/install/disease_detection/share/disease_detection/hook/pythonpath.dsv'
[3.321s] INFO:colcon.colcon_core.shell:Creating environment hook '/home/vardan/RAKSH-Autonomous-Pesticide-Spraying-Robot/ros2_ws/install/disease_detection/share/disease_detection/hook/pythonpath.sh'
[3.322s] Level 1:colcon.colcon_core.environment:checking '/home/vardan/RAKSH-Autonomous-Pesticide-Spraying-Robot/ros2_ws/install/disease_detection/bin'
[3.322s] Level 1:colcon.colcon_core.environment:create_environment_scripts_only(disease_detection)
[3.323s] INFO:colcon.colcon_core.shell:Creating package script '/home/vardan/RAKSH-Autonomous-Pesticide-Spraying-Robot/ros2_ws/install/disease_detection/share/disease_detection/package.ps1'
[3.325s] INFO:colcon.colcon_core.shell:Creating package descriptor '/home/vardan/RAKSH-Autonomous-Pesticide-Spraying-Robot/ros2_ws/install/disease_detection/share/disease_detection/package.dsv'
[3.327s] INFO:colcon.colcon_core.shell:Creating package script '/home/vardan/RAKSH-Autonomous-Pesticide-Spraying-Robot/ros2_ws/install/disease_detection/share/disease_detection/package.sh'
[3.328s] INFO:colcon.colcon_core.shell:Creating package script '/home/vardan/RAKSH-Autonomous-Pesticide-Spraying-Robot/ros2_ws/install/disease_detection/share/disease_detection/package.bash'
[3.329s] INFO:colcon.colcon_core.shell:Creating package script '/home/vardan/RAKSH-Autonomous-Pesticide-Spraying-Robot/ros2_ws/install/disease_detection/share/disease_detection/package.zsh'
[3.330s] Level 1:colcon.colcon_core.environment:create_file_with_runtime_dependencies(/home/vardan/RAKSH-Autonomous-Pesticide-Spraying-Robot/ros2_ws/install/disease_detection/share/colcon-core/packages/disease_detection)
[3.333s] Level 1:colcon.colcon_core.shell:create_environment_hook('raksh_description', 'pythonpath_develop')
[3.333s] INFO:colcon.colcon_core.shell:Creating environment hook '/home/vardan/RAKSH-Autonomous-Pesticide-Spraying-Robot/ros2_ws/build/raksh_description/share/raksh_description/hook/pythonpath_develop.ps1'
[3.335s] DEBUG:colcon.colcon_core.event_handler.log_command:Invoked command in '/home/vardan/RAKSH-Autonomous-Pesticide-Spraying-Robot/ros2_ws/build/raksh_description' returned '0': PYTHONPATH=/home/vardan/RAKSH-Autonomous-Pesticide-Spraying-Robot/ros2_ws/build/raksh_description/prefix_override:/usr/lib/python3/dist-packages/colcon_core/task/python/colcon_distutils_commands:/home/vardan/RAKSH-Autonomous-Pesticide-Spraying-Robot/ros2_ws/install/raksh_description/lib/python3.10/site-packages:${PYTHONPATH} /usr/bin/python3 -W ignore:setup.py install is deprecated setup.py develop --editable --build-directory /home/vardan/RAKSH-Autonomous-Pesticide-Spraying-Robot/ros2_ws/build/raksh_description/build --no-deps symlink_data
[3.336s] INFO:colcon.colcon_core.shell:Creating environment descriptor '/home/vardan/RAKSH-Autonomous-Pesticide-Spraying-Robot/ros2_ws/build/raksh_description/share/raksh_description/hook/pythonpath_develop.dsv'
[3.336s] INFO:colcon.colcon_core.shell:Creating environment hook '/home/vardan/RAKSH-Autonomous-Pesticide-Spraying-Robot/ros2_ws/build/raksh_description/share/raksh_description/hook/pythonpath_develop.sh'
[3.337s] Level 1:colcon.colcon_core.environment:checking '/home/vardan/RAKSH-Autonomous-Pesticide-Spraying-Robot/ros2_ws/install/raksh_description' for CMake module files
[3.337s] Level 1:colcon.colcon_core.environment:checking '/home/vardan/RAKSH-Autonomous-Pesticide-Spraying-Robot/ros2_ws/install/raksh_description' for CMake config files
[3.338s] Level 1:colcon.colcon_core.environment:checking '/home/vardan/RAKSH-Autonomous-Pesticide-Spraying-Robot/ros2_ws/install/raksh_description/lib'
[3.338s] Level 1:colcon.colcon_core.environment:checking '/home/vardan/RAKSH-Autonomous-Pesticide-Spraying-Robot/ros2_ws/install/raksh_description/bin'
[3.339s] Level 1:colcon.colcon_core.environment:checking '/home/vardan/RAKSH-Autonomous-Pesticide-Spraying-Robot/ros2_ws/install/raksh_description/lib/pkgconfig/raksh_description.pc'
[3.339s] Level 1:colcon.colcon_core.environment:checking '/home/vardan/RAKSH-Autonomous-Pesticide-Spraying-Robot/ros2_ws/install/raksh_description/lib/python3.10/site-packages'
[3.339s] Level 1:colcon.colcon_core.shell:create_environment_hook('raksh_description', 'pythonpath')
[3.340s] INFO:colcon.colcon_core.shell:Creating environment hook '/home/vardan/RAKSH-Autonomous-Pesticide-Spraying-Robot/ros2_ws/install/raksh_description/share/raksh_description/hook/pythonpath.ps1'
[3.342s] INFO:colcon.colcon_core.shell:Creating environment descriptor '/home/vardan/RAKSH-Autonomous-Pesticide-Spraying-Robot/ros2_ws/install/raksh_description/share/raksh_description/hook/pythonpath.dsv'
[3.343s] INFO:colcon.colcon_core.shell:Creating environment hook '/home/vardan/RAKSH-Autonomous-Pesticide-Spraying-Robot/ros2_ws/install/raksh_description/share/raksh_description/hook/pythonpath.sh'
[3.345s] Level 1:colcon.colcon_core.environment:checking '/home/vardan/RAKSH-Autonomous-Pesticide-Spraying-Robot/ros2_ws/install/raksh_description/bin'
[3.345s] Level 1:colcon.colcon_core.environment:create_environment_scripts_only(raksh_description)
[3.346s] INFO:colcon.colcon_core.shell:Creating package script '/home/vardan/RAKSH-Autonomous-Pesticide-Spraying-Robot/ros2_ws/install/raksh_description/share/raksh_description/package.ps1'
[3.347s] INFO:colcon.colcon_core.shell:Creating package descriptor '/home/vardan/RAKSH-Autonomous-Pesticide-Spraying-Robot/ros2_ws/install/raksh_description/share/raksh_description/package.dsv'
[3.347s] INFO:colcon.colcon_core.shell:Creating package script '/home/vardan/RAKSH-Autonomous-Pesticide-Spraying-Robot/ros2_ws/install/raksh_description/share/raksh_description/package.sh'
[3.348s] INFO:colcon.colcon_core.shell:Creating package script '/home/vardan/RAKSH-Autonomous-Pesticide-Spraying-Robot/ros2_ws/install/raksh_description/share/raksh_description/package.bash'
[3.350s] INFO:colcon.colcon_core.shell:Creating package script '/home/vardan/RAKSH-Autonomous-Pesticide-Spraying-Robot/ros2_ws/install/raksh_description/share/raksh_description/package.zsh'
[3.351s] Level 1:colcon.colcon_core.environment:create_file_with_runtime_dependencies(/home/vardan/RAKSH-Autonomous-Pesticide-Spraying-Robot/ros2_ws/install/raksh_description/share/colcon-core/packages/raksh_description)
[3.353s] DEBUG:colcon.colcon_parallel_executor.executor.parallel:closing loop
[3.354s] DEBUG:colcon.colcon_parallel_executor.executor.parallel:loop closed
[3.355s] DEBUG:colcon.colcon_parallel_executor.executor.parallel:run_until_complete finished with '0'
[3.355s] DEBUG:colcon.colcon_core.event_reactor:joining thread
[3.399s] INFO:colcon.colcon_core.plugin_system:Skipping extension 'colcon_notification.desktop_notification.notify_send': Could not find 'notify-send'
[3.400s] INFO:colcon.colcon_core.plugin_system:Skipping extension 'colcon_notification.desktop_notification.terminal_notifier': Not used on non-Darwin systems
[3.400s] INFO:colcon.colcon_core.plugin_system:Skipping extension 'colcon_notification.desktop_notification.win32': Not used on non-Windows systems
[3.400s] INFO:colcon.colcon_notification.desktop_notification:Sending desktop notification using 'notify2'
[3.402s] DEBUG:colcon.colcon_notification.desktop_notification.notify2:Failed to initialize notify2: org.freedesktop.DBus.Error.ServiceUnknown: The name org.freedesktop.Notifications was not provided by any .service files
[3.402s] DEBUG:colcon.colcon_core.event_reactor:joined thread
[3.403s] INFO:colcon.colcon_core.shell:Creating prefix script '/home/vardan/RAKSH-Autonomous-Pesticide-Spraying-Robot/ros2_ws/install/local_setup.ps1'
[3.404s] INFO:colcon.colcon_core.shell:Creating prefix util module '/home/vardan/RAKSH-Autonomous-Pesticide-Spraying-Robot/ros2_ws/install/_local_setup_util_ps1.py'
[3.405s] INFO:colcon.colcon_core.shell:Creating prefix chain script '/home/vardan/RAKSH-Autonomous-Pesticide-Spraying-Robot/ros2_ws/install/setup.ps1'
[3.407s] INFO:colcon.colcon_core.shell:Creating prefix script '/home/vardan/RAKSH-Autonomous-Pesticide-Spraying-Robot/ros2_ws/install/local_setup.sh'
[3.408s] INFO:colcon.colcon_core.shell:Creating prefix util module '/home/vardan/RAKSH-Autonomous-Pesticide-Spraying-Robot/ros2_ws/install/_local_setup_util_sh.py'
[3.408s] INFO:colcon.colcon_core.shell:Creating prefix chain script '/home/vardan/RAKSH-Autonomous-Pesticide-Spraying-Robot/ros2_ws/install/setup.sh'
[3.410s] INFO:colcon.colcon_core.shell:Creating prefix script '/home/vardan/RAKSH-Autonomous-Pesticide-Spraying-Robot/ros2_ws/install/local_setup.bash'
[3.410s] INFO:colcon.colcon_core.shell:Creating prefix chain script '/home/vardan/RAKSH-Autonomous-Pesticide-Spraying-Robot/ros2_ws/install/setup.bash'
[3.412s] INFO:colcon.colcon_core.shell:Creating prefix script '/home/vardan/RAKSH-Autonomous-Pesticide-Spraying-Robot/ros2_ws/install/local_setup.zsh'
[3.413s] INFO:colcon.colcon_core.shell:Creating prefix chain script '/home/vardan/RAKSH-Autonomous-Pesticide-Spraying-Robot/ros2_ws/install/setup.zsh'
