running develop
/usr/lib/python3/dist-packages/setuptools/command/easy_install.py:158: EasyInstallDeprecationWarning: easy_install command is deprecated. Use build and pip and other standards-based tools.
  warnings.warn(
running egg_info
creating raksh_description.egg-info
writing raksh_description.egg-info/PKG-INFO
writing dependency_links to raksh_description.egg-info/dependency_links.txt
writing entry points to raksh_description.egg-info/entry_points.txt
writing requirements to raksh_description.egg-info/requires.txt
writing top-level names to raksh_description.egg-info/top_level.txt
writing manifest file 'raksh_description.egg-info/SOURCES.txt'
reading manifest file 'raksh_description.egg-info/SOURCES.txt'
writing manifest file 'raksh_description.egg-info/SOURCES.txt'
running build_ext
Creating /home/vardan/RAKSH-Autonomous-Pesticide-Spraying-Robot/ros2_ws/install/raksh_description/lib/python3.10/site-packages/raksh-description.egg-link (link to .)

Installed /home/vardan/RAKSH-Autonomous-Pesticide-Spraying-Robot/ros2_ws/build/raksh_description
running symlink_data
creating /home/vardan/RAKSH-Autonomous-Pesticide-Spraying-Robot/ros2_ws/install/raksh_description/share/ament_index
creating /home/vardan/RAKSH-Autonomous-Pesticide-Spraying-Robot/ros2_ws/install/raksh_description/share/ament_index/resource_index
creating /home/vardan/RAKSH-Autonomous-Pesticide-Spraying-Robot/ros2_ws/install/raksh_description/share/ament_index/resource_index/packages
symbolically linking /home/vardan/RAKSH-Autonomous-Pesticide-Spraying-Robot/ros2_ws/build/raksh_description/resource/raksh_description -> /home/vardan/RAKSH-Autonomous-Pesticide-Spraying-Robot/ros2_ws/install/raksh_description/share/ament_index/resource_index/packages
symbolically linking /home/vardan/RAKSH-Autonomous-Pesticide-Spraying-Robot/ros2_ws/build/raksh_description/package.xml -> /home/vardan/RAKSH-Autonomous-Pesticide-Spraying-Robot/ros2_ws/install/raksh_description/share/raksh_description
