running develop
/usr/lib/python3/dist-packages/setuptools/command/easy_install.py:158: EasyInstallDeprecationWarning: easy_install command is deprecated. Use build and pip and other standards-based tools.
  warnings.warn(
running egg_info
creating disease_detection.egg-info
writing disease_detection.egg-info/PKG-INFO
writing dependency_links to disease_detection.egg-info/dependency_links.txt
writing entry points to disease_detection.egg-info/entry_points.txt
writing requirements to disease_detection.egg-info/requires.txt
writing top-level names to disease_detection.egg-info/top_level.txt
writing manifest file 'disease_detection.egg-info/SOURCES.txt'
reading manifest file 'disease_detection.egg-info/SOURCES.txt'
writing manifest file 'disease_detection.egg-info/SOURCES.txt'
running build_ext
Creating /home/vardan/RAKSH-Autonomous-Pesticide-Spraying-Robot/ros2_ws/install/disease_detection/lib/python3.10/site-packages/disease-detection.egg-link (link to .)

Installed /home/vardan/RAKSH-Autonomous-Pesticide-Spraying-Robot/ros2_ws/build/disease_detection
running symlink_data
creating /home/vardan/RAKSH-Autonomous-Pesticide-Spraying-Robot/ros2_ws/install/disease_detection/share/ament_index
creating /home/vardan/RAKSH-Autonomous-Pesticide-Spraying-Robot/ros2_ws/install/disease_detection/share/ament_index/resource_index
creating /home/vardan/RAKSH-Autonomous-Pesticide-Spraying-Robot/ros2_ws/install/disease_detection/share/ament_index/resource_index/packages
symbolically linking /home/vardan/RAKSH-Autonomous-Pesticide-Spraying-Robot/ros2_ws/build/disease_detection/resource/disease_detection -> /home/vardan/RAKSH-Autonomous-Pesticide-Spraying-Robot/ros2_ws/install/disease_detection/share/ament_index/resource_index/packages
symbolically linking /home/vardan/RAKSH-Autonomous-Pesticide-Spraying-Robot/ros2_ws/build/disease_detection/package.xml -> /home/vardan/RAKSH-Autonomous-Pesticide-Spraying-Robot/ros2_ws/install/disease_detection/share/disease_detection
